<?xml version="1.0" encoding="UTF-8"?>
<!-- Generated by org.testng.reporters.JUnitXMLReporter -->
<testsuite ignored="0" hostname="Subhankar-DESKTOP-JVFSMT7" failures="0" tests="4" name="AnnotationCheck" time="0.03" errors="0" timestamp="2024-03-06T12:49:40 GMT-05:00">
  <testcase classname="com.dropdownpractice.TestNGRnD" name="A" time="0.002"/>
  <testcase classname="com.dropdownpractice.TestNGRnD" name="AB" time="0.001"/>
  <testcase classname="com.dropdownpractice.TestNGRnD2" name="A" time="0.001"/>
  <testcase classname="com.dropdownpractice.TestNGRnD2" name="AB" time="0.003"/>
</testsuite> <!-- AnnotationCheck -->
