<?xml version="1.0" encoding="UTF-8"?>
<!-- Generated by org.testng.reporters.JUnitXMLReporter -->
<testsuite ignored="8" hostname="Subhankar-DESKTOP-JVFSMT7" failures="0" tests="2" name="SpiceJet" time="11.625" errors="0" timestamp="2024-10-18T01:16:41 GMT-04:00">
  <testcase classname="com.dropdownpractice.DropdownPracticeTest" name="secondgroup" time="0.014"/>
  <testcase classname="practice.com.ShoppingCart" name="dynamicdopdown" time="0.96"/>
  <testcase classname="com.Amazon.AmazonEcom" name="amazonPageland" time="0.0">
    <ignored/>
  </testcase> <!-- amazonPageland -->
  <testcase classname="com.dropdownpractice.TestNGRnD" name="AB" time="0.0">
    <ignored/>
  </testcase> <!-- AB -->
  <testcase classname="com.dropdownpractice.TestNGRnD" name="A" time="0.0">
    <ignored/>
  </testcase> <!-- A -->
  <testcase classname="com.dropdownpractice.TestNGRnD2" name="AB" time="0.0">
    <ignored/>
  </testcase> <!-- AB -->
  <testcase classname="com.dropdownpractice.TestNGRnD2" name="A" time="0.0">
    <ignored/>
  </testcase> <!-- A -->
  <testcase classname="com.dropdownpractice.DropdownPracticeTest" name="spiceJetSelectDestination" time="0.0">
    <ignored/>
  </testcase> <!-- spiceJetSelectDestination -->
  <testcase classname="com.dropdownpractice.DropdownPracticeTest" name="spiceJetNoOfPax" time="0.0">
    <ignored/>
  </testcase> <!-- spiceJetNoOfPax -->
  <testcase classname="com.dropdownpractice.DropdownPracticeTest" name="spiceJetLaunchApp" time="0.0">
    <ignored/>
  </testcase> <!-- spiceJetLaunchApp -->
</testsuite> <!-- SpiceJet -->
