<?xml version="1.0" encoding="UTF-8"?>
<!-- Generated by org.testng.reporters.JUnitXMLReporter -->
<testsuite ignored="5" hostname="Subhankar-DESKTOP-JVFSMT7" failures="2" tests="2" name="SpiceJetApp" time="0.081" errors="0" timestamp="2024-03-06T03:07:49 GMT-05:00">
  <testcase classname="com.dropdownpractice.DropdownPracticeTest" name="spiceJetLaunchApp" time="0.01">
    <failure type="java.lang.NullPointerException" message="Cannot invoke &amp;quot;org.openqa.selenium.WebDriver.manage()&amp;quot; because &amp;quot;com.dropdownpractice.DropdownPracticeTest.driver&amp;quot; is null">
      <![CDATA[java.lang.NullPointerException: Cannot invoke "org.openqa.selenium.WebDriver.manage()" because "com.dropdownpractice.DropdownPracticeTest.driver" is null
at com.dropdownpractice.DropdownPracticeTest.spiceJetLaunchApp(DropdownPracticeTest.java:66)
at java.base/java.util.ArrayList.forEach(ArrayList.java:1511)
... Removed 27 stack frames]]>
    </failure>
  </testcase> <!-- spiceJetLaunchApp -->
  <testcase classname="com.dropdownpractice.DropdownPracticeTest" name="spiceJetNoOfPax" time="0.009">
    <failure type="java.lang.NullPointerException" message="Cannot invoke &amp;quot;org.openqa.selenium.WebDriver.findElement(org.openqa.selenium.By)&amp;quot; because &amp;quot;com.dropdownpractice.DropdownPracticeTest.driver&amp;quot; is null">
      <![CDATA[java.lang.NullPointerException: Cannot invoke "org.openqa.selenium.WebDriver.findElement(org.openqa.selenium.By)" because "com.dropdownpractice.DropdownPracticeTest.driver" is null
at com.dropdownpractice.DropdownPracticeTest.spiceJetNoOfPax(DropdownPracticeTest.java:101)
at java.base/java.util.ArrayList.forEach(ArrayList.java:1511)
... Removed 27 stack frames]]>
    </failure>
  </testcase> <!-- spiceJetNoOfPax -->
  <testcase classname="com.dropdownpractice.TestNGRnD2" name="AB" time="0.0">
    <ignored/>
  </testcase> <!-- AB -->
  <testcase classname="com.dropdownpractice.TestNGRnD2" name="A" time="0.0">
    <ignored/>
  </testcase> <!-- A -->
  <testcase classname="com.dropdownpractice.TestNGRnD" name="AB" time="0.0">
    <ignored/>
  </testcase> <!-- AB -->
  <testcase classname="com.dropdownpractice.DropdownPracticeTest" name="spiceJetSelectDestination" time="0.0">
    <ignored/>
  </testcase> <!-- spiceJetSelectDestination -->
  <testcase classname="com.dropdownpractice.TestNGRnD" name="A" time="0.0">
    <ignored/>
  </testcase> <!-- A -->
</testsuite> <!-- SpiceJetApp -->
