<?xml version="1.0" encoding="UTF-8"?>
<testng-results ignored="0" total="2" passed="2" failed="0" skipped="0">
  <reporter-output>
  </reporter-output>
  <suite started-at="2024-10-18T01:18:17 GMT-04:00" name="Default suite" finished-at="2024-10-18T01:18:17 GMT-04:00" duration-ms="60">
    <groups>
    </groups>
    <test started-at="2024-10-18T01:18:17 GMT-04:00" name="Default test" finished-at="2024-10-18T01:18:17 GMT-04:00" duration-ms="60">
      <class name="com.dropdownpractice.TestNGRnD">
        <test-method is-config="true" signature="B()[pri:0, instance:com.dropdownpractice.TestNGRnD@76b07f29]" started-at="2024-10-18T01:18:17 GMT-04:00" name="B" finished-at="2024-10-18T01:18:17 GMT-04:00" duration-ms="15" status="PASS">
          <reporter-output>
          </reporter-output>
        </test-method> <!-- B -->
        <test-method is-config="true" signature="D()[pri:0, instance:com.dropdownpractice.TestNGRnD@76b07f29]" started-at="2024-10-18T01:18:17 GMT-04:00" name="D" finished-at="2024-10-18T01:18:17 GMT-04:00" duration-ms="0" status="PASS">
          <reporter-output>
          </reporter-output>
        </test-method> <!-- D -->
        <test-method is-config="true" signature="H()[pri:0, instance:com.dropdownpractice.TestNGRnD@76b07f29]" started-at="2024-10-18T01:18:17 GMT-04:00" name="H" finished-at="2024-10-18T01:18:17 GMT-04:00" duration-ms="1" status="PASS">
          <reporter-output>
          </reporter-output>
        </test-method> <!-- H -->
        <test-method is-config="true" signature="J()[pri:0, instance:com.dropdownpractice.TestNGRnD@76b07f29]" started-at="2024-10-18T01:18:17 GMT-04:00" name="J" finished-at="2024-10-18T01:18:17 GMT-04:00" duration-ms="0" status="PASS">
          <reporter-output>
          </reporter-output>
        </test-method> <!-- J -->
        <test-method signature="A()[pri:0, instance:com.dropdownpractice.TestNGRnD@76b07f29]" started-at="2024-10-18T01:18:17 GMT-04:00" name="A" finished-at="2024-10-18T01:18:17 GMT-04:00" duration-ms="6" status="PASS">
          <reporter-output>
          </reporter-output>
        </test-method> <!-- A -->
        <test-method is-config="true" signature="K()[pri:0, instance:com.dropdownpractice.TestNGRnD@76b07f29]" started-at="2024-10-18T01:18:17 GMT-04:00" name="K" finished-at="2024-10-18T01:18:17 GMT-04:00" duration-ms="1" status="PASS">
          <reporter-output>
          </reporter-output>
        </test-method> <!-- K -->
        <test-method signature="AB()[pri:0, instance:com.dropdownpractice.TestNGRnD@76b07f29]" started-at="2024-10-18T01:18:17 GMT-04:00" name="AB" finished-at="2024-10-18T01:18:17 GMT-04:00" duration-ms="2" status="PASS">
          <reporter-output>
          </reporter-output>
        </test-method> <!-- AB -->
        <test-method is-config="true" signature="J()[pri:0, instance:com.dropdownpractice.TestNGRnD@76b07f29]" started-at="2024-10-18T01:18:17 GMT-04:00" name="J" finished-at="2024-10-18T01:18:17 GMT-04:00" duration-ms="0" status="PASS">
          <reporter-output>
          </reporter-output>
        </test-method> <!-- J -->
        <test-method is-config="true" signature="K()[pri:0, instance:com.dropdownpractice.TestNGRnD@76b07f29]" started-at="2024-10-18T01:18:17 GMT-04:00" name="K" finished-at="2024-10-18T01:18:17 GMT-04:00" duration-ms="0" status="PASS">
          <reporter-output>
          </reporter-output>
        </test-method> <!-- K -->
        <test-method is-config="true" signature="I()[pri:0, instance:com.dropdownpractice.TestNGRnD@76b07f29]" started-at="2024-10-18T01:18:17 GMT-04:00" name="I" finished-at="2024-10-18T01:18:17 GMT-04:00" duration-ms="0" status="PASS">
          <reporter-output>
          </reporter-output>
        </test-method> <!-- I -->
        <test-method is-config="true" signature="E()[pri:0, instance:com.dropdownpractice.TestNGRnD@76b07f29]" started-at="2024-10-18T01:18:17 GMT-04:00" name="E" finished-at="2024-10-18T01:18:17 GMT-04:00" duration-ms="0" status="PASS">
          <reporter-output>
          </reporter-output>
        </test-method> <!-- E -->
        <test-method is-config="true" signature="C()[pri:0, instance:com.dropdownpractice.TestNGRnD@76b07f29]" started-at="2024-10-18T01:18:17 GMT-04:00" name="C" finished-at="2024-10-18T01:18:17 GMT-04:00" duration-ms="0" status="PASS">
          <reporter-output>
          </reporter-output>
        </test-method> <!-- C -->
      </class> <!-- com.dropdownpractice.TestNGRnD -->
    </test> <!-- Default test -->
  </suite> <!-- Default suite -->
</testng-results>
