<?xml version="1.0" encoding="UTF-8"?>
<!-- Generated by org.testng.reporters.JUnitXMLReporter -->
<testsuite ignored="1" hostname="Subhankar-DESKTOP-JVFSMT7" failures="0" tests="2" name="SpiceJet" time="37.295" errors="0" timestamp="2024-03-06T04:38:30 GMT-05:00">
  <testcase classname="com.dropdownpractice.DropdownPracticeTest" name="spiceJetLaunchApp" time="16.022"/>
  <testcase classname="com.dropdownpractice.DropdownPracticeTest" name="spiceJetNoOfPax" time="13.407"/>
  <testcase classname="com.dropdownpractice.DropdownPracticeTest" name="spiceJetSelectDestination" time="0.0">
    <ignored/>
  </testcase> <!-- spiceJetSelectDestination -->
</testsuite> <!-- SpiceJet -->
